<?xml version="1.0" encoding="UTF-8"?>
<!-- Generated by org.testng.reporters.JUnitXMLReporter -->
<testsuite hostname="PL3450-95K9042" ignored="0" name="api" tests="6" failures="0" timestamp="31 Jan 2019 03:33:32 GMT" time="7.773" errors="0">
  <testcase name="getMethod" time="2.865" classname="com.api.assignment.postsDetails"/>
  <testcase name="getMethod" time="1.488" classname="com.api.assignment.commentsDetails"/>
  <testcase name="GetMethod" time="0.904" classname="com.api.assignment.usersDetails"/>
  <testcase name="postMethod" time="0.613" classname="com.api.assignment.postsDetails"/>
  <testcase name="postMethod" time="1.226" classname="com.api.assignment.commentsDetails"/>
  <testcase name="PostMethod" time="0.613" classname="com.api.assignment.usersDetails"/>
</testsuite> <!-- api -->
